<?xml version="1.0" encoding="UTF-8"?>
<testsuite xmlns:xsi="http://www.w3.org/2001/XMLSchema-instance" xsi:noNamespaceSchemaLocation="https://maven.apache.org/surefire/maven-surefire-plugin/xsd/surefire-test-report.xsd" name="com.leyou.auth.test.JwtTest" time="1.527" tests="4" errors="0" skipped="0" failures="0">
  <properties>
[...]
</properties>
  <testcase name="testParseToken" classname="com.leyou.auth.test.JwtTest" time="1.08"/>
  <testcase name="testRsa" classname="com.leyou.auth.test.JwtTest" time="0.16"/>
  <testcase name="testGenerateToken" classname="com.leyou.auth.test.JwtTest" time="0.159"/>
  <testcase name="date" classname="com.leyou.auth.test.JwtTest" time="0.004"/>
</testsuite>